<?xml version="1.0" encoding="UTF-8"?>
<testsuite name="TestNullableTypes" tests="5" skipped="0" failures="0" errors="0" timestamp="2019-07-22T04:48:41" hostname="C02T6208FVH3" time="0.022">
  <properties/>
  <testcase name="everythingIsOk" classname="TestNullableTypes" time="0.007"/>
  <testcase name="noClient" classname="TestNullableTypes" time="0.002"/>
  <testcase name="noMessage" classname="TestNullableTypes" time="0.001"/>
  <testcase name="noPersonalInfo" classname="TestNullableTypes" time="0.001"/>
  <testcase name="noEmail" classname="TestNullableTypes" time="0.005"/>
  <system-out><![CDATA[]]></system-out>
  <system-err><![CDATA[]]></system-err>
</testsuite>
