<?xml version="1.0" encoding="UTF-8"?>
<testsuite name="TestExtensionsOnCollections" tests="1" skipped="0" failures="0" errors="0" timestamp="2019-07-25T03:04:41" hostname="C02T6208FVH3" time="0.044">
  <properties/>
  <testcase name="testSort" classname="TestExtensionsOnCollections" time="0.044"/>
  <system-out><![CDATA[]]></system-out>
  <system-err><![CDATA[]]></system-err>
</testsuite>
