<?xml version="1.0" encoding="UTF-8"?>
<testsuite name="TestExtensionFunctions" tests="2" skipped="0" failures="0" errors="0" timestamp="2019-07-23T03:42:58" hostname="C02T6208FVH3" time="0.012">
  <properties/>
  <testcase name="testPairExtension" classname="TestExtensionFunctions" time="0.01"/>
  <testcase name="testIntExtension" classname="TestExtensionFunctions" time="0.001"/>
  <system-out><![CDATA[]]></system-out>
  <system-err><![CDATA[]]></system-err>
</testsuite>
