<?xml version="1.0" encoding="UTF-8"?>
<testsuite name="TestStringTemplates" tests="3" skipped="0" failures="0" errors="0" timestamp="2019-07-22T03:44:06" hostname="C02T6208FVH3" time="0.008">
  <properties/>
  <testcase name="match1" classname="TestStringTemplates" time="0.006"/>
  <testcase name="match" classname="TestStringTemplates" time="0.001"/>
  <testcase name="doNotMatch" classname="TestStringTemplates" time="0.0"/>
  <system-out><![CDATA[]]></system-out>
  <system-err><![CDATA[]]></system-err>
</testsuite>
