<?xml version="1.0" encoding="UTF-8"?>
<testsuite name="TestObjectExpressions" tests="1" skipped="0" failures="0" errors="0" timestamp="2019-07-24T01:16:13" hostname="C02T6208FVH3" time="0.04">
  <properties/>
  <testcase name="testSort" classname="TestObjectExpressions" time="0.04"/>
  <system-out><![CDATA[]]></system-out>
  <system-err><![CDATA[]]></system-err>
</testsuite>
