<?xml version="1.0" encoding="UTF-8"?>
<testsuite name="TestRangeTo" tests="1" skipped="0" failures="0" errors="0" timestamp="2019-08-05T02:47:13" hostname="C02T6208FVH3" time="0.013">
  <properties/>
  <testcase name="testInRange" classname="TestRangeTo" time="0.013"/>
  <system-out><![CDATA[]]></system-out>
  <system-err><![CDATA[]]></system-err>
</testsuite>
