<?xml version="1.0" encoding="UTF-8"?>
<testsuite name="TestSamConversions" tests="1" skipped="0" failures="0" errors="0" timestamp="2019-07-25T02:52:05" hostname="C02T6208FVH3" time="0.048">
  <properties/>
  <testcase name="testSort" classname="TestSamConversions" time="0.048"/>
  <system-out><![CDATA[]]></system-out>
  <system-err><![CDATA[]]></system-err>
</testsuite>
