<?xml version="1.0" encoding="UTF-8"?>
<testsuite name="TestNamedArguments" tests="1" skipped="0" failures="0" errors="0" timestamp="2019-07-22T02:34:17" hostname="C02T6208FVH3" time="0.042">
  <properties/>
  <testcase name="testJoinToString" classname="TestNamedArguments" time="0.042"/>
  <system-out><![CDATA[]]></system-out>
  <system-err><![CDATA[]]></system-err>
</testsuite>
