<?xml version="1.0" encoding="UTF-8"?>
<testsuite name="TestDefaultAndNamedParams" tests="1" skipped="0" failures="0" errors="0" timestamp="2019-07-22T02:43:56" hostname="C02T6208FVH3" time="0.028">
  <properties/>
  <testcase name="testDefaultAndNamedParams" classname="TestDefaultAndNamedParams" time="0.028"/>
  <system-out><![CDATA[]]></system-out>
  <system-err><![CDATA[]]></system-err>
</testsuite>
